<?xml version="1.0" encoding="UTF-8"?>
<!-- Generated by org.testng.reporters.JUnitReportReporter -->
<testsuite skipped="0" hostname="XD-10ISLA-21114" name="testNG.DemoPage" tests="3" failures="0" timestamp="13 Dec 2020 18:12:37 GMT" time="17.775" errors="0">
  <testcase name="Democart" time="1.993" classname="testNG.DemoPage"/>
  <testcase name="Register" time="2.729" classname="testNG.DemoPage"/>
  <testcase name="Search" time="13.053" classname="testNG.DemoPage"/>
</testsuite> <!-- testNG.DemoPage -->
