<?xml version="1.0" encoding="UTF-8"?>
<!-- Generated by org.testng.reporters.JUnitReportReporter -->
<testsuite hostname="XD-10ISLA-21114" failures="0" tests="2" name="testNG.Google_Priority" time="17.934" errors="0" timestamp="2021-04-12T16:00:53 IST" skipped="0">
  <testcase classname="testNG.Google_Priority" name="Cypresssearch" time="7.481"/>
  <system-out/>
  <testcase classname="testNG.Google_Priority" name="Javasearch" time="10.453"/>
  <system-out/>
</testsuite> <!-- testNG.Google_Priority -->
