<?xml version="1.0" encoding="UTF-8"?>
<!-- Generated by org.testng.reporters.JUnitReportReporter -->
<testsuite skipped="0" hostname="XD-10ISLA-21114" name="testNG.Login" tests="3" failures="0" timestamp="29 Dec 2020 08:14:40 GMT" time="2.549" errors="0">
  <testcase name="login" time="0.557" classname="testNG.Login"/>
  <testcase name="login" time="0.482" classname="testNG.Login"/>
  <testcase name="login" time="1.510" classname="testNG.Login"/>
</testsuite> <!-- testNG.Login -->
