<?xml version="1.0" encoding="UTF-8"?>
<!-- Generated by org.testng.reporters.JUnitReportReporter -->
<testsuite hostname="XD-10ISLA-21114" failures="0" tests="3" name="testNG.Login_Param_DataProvider" time="3.021" errors="0" timestamp="2021-04-16T11:54:09 IST" skipped="0">
  <testcase classname="testNG.Login_Param_DataProvider" name="login" time="1.738"/>
  <system-out/>
  <testcase classname="testNG.Login_Param_DataProvider" name="login" time="0.650"/>
  <system-out/>
  <testcase classname="testNG.Login_Param_DataProvider" name="login" time="0.633"/>
  <system-out/>
</testsuite> <!-- testNG.Login_Param_DataProvider -->
